c:\users\aless\onedrive\documents\github\computergraphicsproject\x64\debug\vc143.pdb
c:\users\aless\onedrive\documents\github\computergraphicsproject\x64\debug\vc143.idb
c:\users\aless\onedrive\documents\github\computergraphicsproject\x64\debug\glad.obj
c:\users\aless\onedrive\documents\github\computergraphicsproject\x64\debug\main.obj
c:\users\aless\onedrive\documents\github\computergraphicsproject\x64\debug\imgui_widgets.obj
c:\users\aless\onedrive\documents\github\computergraphicsproject\x64\debug\imgui_tables.obj
c:\users\aless\onedrive\documents\github\computergraphicsproject\x64\debug\imgui_draw.obj
c:\users\aless\onedrive\documents\github\computergraphicsproject\x64\debug\imgui_demo.obj
c:\users\aless\onedrive\documents\github\computergraphicsproject\x64\debug\imgui.obj
c:\users\aless\onedrive\documents\github\computergraphicsproject\x64\debug\imgui_impl_opengl3.obj
c:\users\aless\onedrive\documents\github\computergraphicsproject\x64\debug\imgui_impl_glfw.obj
c:\users\aless\onedrive\documents\github\computergraphicsproject\x64\debug\computergraphicsproject.exe
c:\users\aless\onedrive\documents\github\computergraphicsproject\x64\debug\computergraphicsproject.ilk
c:\users\aless\onedrive\documents\github\computergraphicsproject\x64\debug\computergraphicsproject.pdb
c:\users\aless\onedrive\documents\github\computergraphicsproject\x64\debug\computer.389809e4.tlog\cl.command.1.tlog
c:\users\aless\onedrive\documents\github\computergraphicsproject\x64\debug\computer.389809e4.tlog\cl.read.1.tlog
c:\users\aless\onedrive\documents\github\computergraphicsproject\x64\debug\computer.389809e4.tlog\cl.write.1.tlog
c:\users\aless\onedrive\documents\github\computergraphicsproject\x64\debug\computer.389809e4.tlog\link.command.1.tlog
c:\users\aless\onedrive\documents\github\computergraphicsproject\x64\debug\computer.389809e4.tlog\link.read.1.tlog
c:\users\aless\onedrive\documents\github\computergraphicsproject\x64\debug\computer.389809e4.tlog\link.write.1.tlog
